<?xml version="1.0" encoding="UTF-8"?>
<!-- Generated by org.testng.reporters.JUnitXMLReporter -->
<testsuite ignored="0" hostname="DESKTOP-9M7TNVB" failures="2" tests="2" name="SignIn Test" time="9.039" errors="0" timestamp="2022-11-09T16:11:34 IST">
  <testcase classname="www.logytalks.com.ClickSignInBtn" name="clickRegistrationbtn" time="0.009">
    <failure type="java.lang.NullPointerException" message="Cannot invoke &amp;quot;com.aventstack.extentreports.ExtentTest.info(String)&amp;quot; because the return value of &amp;quot;Base.ExtentManager.getTest()&amp;quot; is null">
      <![CDATA[java.lang.NullPointerException: Cannot invoke "com.aventstack.extentreports.ExtentTest.info(String)" because the return value of "Base.ExtentManager.getTest()" is null
at Base.ExtentManager.log(ExtentManager.java:55)
at www.logytalks.com.ClickSignInBtn.clickRegistrationbtn(ClickSignInBtn.java:28)
at java.base/java.util.concurrent.ThreadPoolExecutor.runWorker(ThreadPoolExecutor.java:1136)
at java.base/java.util.concurrent.ThreadPoolExecutor$Worker.run(ThreadPoolExecutor.java:635)
at java.base/java.lang.Thread.run(Thread.java:833)
... Removed 12 stack frames]]>
    </failure>
  </testcase> <!-- clickRegistrationbtn -->
  <testcase classname="www.logytalks.com.ClickSignInBtn" name="clickRegistrationbtn" time="8.613">
    <failure type="java.lang.NullPointerException" message="Cannot invoke &amp;quot;com.aventstack.extentreports.ExtentTest.fail(java.lang.Throwable)&amp;quot; because the return value of &amp;quot;Base.ExtentManager.getTest()&amp;quot; is null">
      <![CDATA[java.lang.NullPointerException: Cannot invoke "com.aventstack.extentreports.ExtentTest.fail(java.lang.Throwable)" because the return value of "Base.ExtentManager.getTest()" is null
at resources.Listeners.onTestFailure(Listeners.java:25)
at java.base/java.util.concurrent.ThreadPoolExecutor.runWorker(ThreadPoolExecutor.java:1136)
at java.base/java.util.concurrent.ThreadPoolExecutor$Worker.run(ThreadPoolExecutor.java:635)
at java.base/java.lang.Thread.run(Thread.java:833)
... Removed 9 stack frames]]>
    </failure>
  </testcase> <!-- clickRegistrationbtn -->
</testsuite> <!-- SignIn Test -->
